<?xml version="1.0" encoding="UTF-8"?>
<!-- Generated by org.testng.reporters.JUnitReportReporter -->
<testsuite hostname="PUNITP273891L" name="com.hms.testcases.DashboardPageTest" tests="1" failures="0" timestamp="11 Jun 2020 15:25:11 GMT" time="6.650" errors="0">
  <testcase name="verifyLogin" time="6.650" classname="com.hms.testcases.DashboardPageTest"/>
</testsuite> <!-- com.hms.testcases.DashboardPageTest -->
