<?xml version="1.0" encoding="UTF-8"?>
<!-- Generated by org.testng.reporters.JUnitReportReporter -->
<testsuite hostname="PUNITP273891L" name="demo.maven1.HelloWorldTest" tests="1" failures="0" timestamp="11 Jun 2020 14:43:14 GMT" time="0.020" errors="0">
  <testcase name="printHello" time="0.020" classname="demo.maven1.HelloWorldTest"/>
</testsuite> <!-- demo.maven1.HelloWorldTest -->
