<?xml version="1.0" encoding="UTF-8"?>
<!-- Generated by org.testng.reporters.JUnitReportReporter -->
<testsuite hostname="PUNITP273891L" name="com.hms.testcases.ExtentReportsClass" tests="1" failures="0" timestamp="11 Jun 2020 15:30:48 GMT" time="8.082" errors="0">
  <testcase name="verifyLogin" time="8.082" classname="com.hms.testcases.ExtentReportsClass"/>
</testsuite> <!-- com.hms.testcases.ExtentReportsClass -->
